# JRE version: Java(TM) SE Runtime Environment (8.0_121-b13) (build 1.8.0_121-b13)
# Java VM: Java HotSpot(TM) 64-Bit Server VM (25.121-b13 mixed mode windows-amd64 compressed oops)
Heap:
 PSYoungGen      total 38400K, used 23617K [0x00000000d5580000, 0x00000000d8600000, 0x0000000100000000)
  eden space 33280K, 70% used [0x00000000d5580000,0x00000000d6c906f0,0x00000000d7600000)
  from space 5120K, 0% used [0x00000000d7600000,0x00000000d7600000,0x00000000d7b00000)
  to   space 7168K, 0% used [0x00000000d7f00000,0x00000000d7f00000,0x00000000d8600000)
 ParOldGen       total 61952K, used 5534K [0x0000000080000000, 0x0000000083c80000, 0x00000000d5580000)
  object space 61952K, 8% used [0x0000000080000000,0x00000000805679d0,0x0000000083c80000)
 Metaspace       used 18851K, capacity 19370K, committed 19712K, reserved 1071104K
  class space    used 2567K, capacity 2722K, committed 2816K, reserved 1048576K
GC Heap History (10 events):
Event: 1.929 GC heap before
{Heap before GC invocations=5 (full 2):
 PSYoungGen      total 38400K, used 5036K [0x00000000d5580000, 0x00000000d8b00000, 0x0000000100000000)
  eden space 33280K, 0% used [0x00000000d5580000,0x00000000d5580000,0x00000000d7600000)
  from space 5120K, 98% used [0x00000000d7600000,0x00000000d7aeb038,0x00000000d7b00000)
  to   space 5120K, 0% used [0x00000000d7b00000,0x00000000d7b00000,0x00000000d8000000)
 ParOldGen       total 61952K, used 1804K [0x0000000080000000, 0x0000000083c80000, 0x00000000d5580000)
  object space 61952K, 2% used [0x0000000080000000,0x00000000801c32e0,0x0000000083c80000)
 Metaspace       used 15618K, capacity 16078K, committed 16256K, reserved 1071104K
  class space    used 2162K, capacity 2310K, committed 2432K, reserved 1048576K
Event: 1.958 GC heap after
Heap after GC invocations=5 (full 2):
 PSYoungGen      total 38400K, used 0K [0x00000000d5580000, 0x00000000d8b00000, 0x0000000100000000)
  eden space 33280K, 0% used [0x00000000d5580000,0x00000000d5580000,0x00000000d7600000)
  from space 5120K, 0% used [0x00000000d7600000,0x00000000d7600000,0x00000000d7b00000)
  to   space 5120K, 0% used [0x00000000d7b00000,0x00000000d7b00000,0x00000000d8000000)
 ParOldGen       total 61952K, used 6348K [0x0000000080000000, 0x0000000083c80000, 0x00000000d5580000)
  object space 61952K, 10% used [0x0000000080000000,0x0000000080633378,0x0000000083c80000)
 Metaspace       used 15616K, capacity 16072K, committed 16256K, reserved 1069056K
  class space    used 2162K, capacity 2309K, committed 2432K, reserved 1048576K
}
Event: 1.958 GC heap before
{Heap before GC invocations=6 (full 2):
 PSYoungGen      total 38400K, used 944K [0x00000000d5580000, 0x00000000d8b00000, 0x0000000100000000)
  eden space 33280K, 2% used [0x00000000d5580000,0x00000000d566c370,0x00000000d7600000)
  from space 5120K, 0% used [0x00000000d7600000,0x00000000d7600000,0x00000000d7b00000)
  to   space 5120K, 0% used [0x00000000d7b00000,0x00000000d7b00000,0x00000000d8000000)
 ParOldGen       total 61952K, used 6348K [0x0000000080000000, 0x0000000083c80000, 0x00000000d5580000)
  object space 61952K, 10% used [0x0000000080000000,0x0000000080633378,0x0000000083c80000)
 Metaspace       used 15617K, capacity 16072K, committed 16256K, reserved 1073152K
  class space    used 2162K, capacity 2309K, committed 2432K, reserved 1048576K
Event: 1.959 GC heap after
Heap after GC invocations=6 (full 2):
 PSYoungGen      total 38400K, used 64K [0x00000000d5580000, 0x00000000d8b00000, 0x0000000100000000)
  eden space 33280K, 0% used [0x00000000d5580000,0x00000000d5580000,0x00000000d7600000)
  from space 5120K, 1% used [0x00000000d7b00000,0x00000000d7b10000,0x00000000d8000000)
  to   space 5120K, 0% used [0x00000000d7600000,0x00000000d7600000,0x00000000d7b00000)
 ParOldGen       total 61952K, used 6348K [0x0000000080000000, 0x0000000083c80000, 0x00000000d5580000)
  object space 61952K, 10% used [0x0000000080000000,0x0000000080633378,0x0000000083c80000)
 Metaspace       used 15617K, capacity 16072K, committed 16256K, reserved 1073152K
  class space    used 2162K, capacity 2309K, committed 2432K, reserved 1048576K
}
Event: 1.959 GC heap before
{Heap before GC invocations=7 (full 3):
 PSYoungGen      total 38400K, used 64K [0x00000000d5580000, 0x00000000d8b00000, 0x0000000100000000)
  eden space 33280K, 0% used [0x00000000d5580000,0x00000000d5580000,0x00000000d7600000)
  from space 5120K, 1% used [0x00000000d7b00000,0x00000000d7b10000,0x00000000d8000000)
  to   space 5120K, 0% used [0x00000000d7600000,0x00000000d7600000,0x00000000d7b00000)
 ParOldGen       total 61952K, used 6348K [0x0000000080000000, 0x0000000083c80000, 0x00000000d5580000)
  object space 61952K, 10% used [0x0000000080000000,0x0000000080633378,0x0000000083c80000)
 Metaspace       used 15617K, capacity 16072K, committed 16256K, reserved 1073152K
  class space    used 2162K, capacity 2309K, committed 2432K, reserved 1048576K
Event: 1.998 GC heap after
Heap after GC invocations=7 (full 3):
 PSYoungGen      total 38400K, used 0K [0x00000000d5580000, 0x00000000d8b00000, 0x0000000100000000)
  eden space 33280K, 0% used [0x00000000d5580000,0x00000000d5580000,0x00000000d7600000)
  from space 5120K, 0% used [0x00000000d7b00000,0x00000000d7b00000,0x00000000d8000000)
  to   space 5120K, 0% used [0x00000000d7600000,0x00000000d7600000,0x00000000d7b00000)
 ParOldGen       total 61952K, used 6126K [0x0000000080000000, 0x0000000083c80000, 0x00000000d5580000)
  object space 61952K, 9% used [0x0000000080000000,0x00000000805fbbe8,0x0000000083c80000)
 Metaspace       used 15617K, capacity 16072K, committed 16256K, reserved 1069056K
  class space    used 2162K, capacity 2309K, committed 2432K, reserved 1048576K
}
Event: 1.998 GC heap before
{Heap before GC invocations=8 (full 3):
 PSYoungGen      total 38400K, used 0K [0x00000000d5580000, 0x00000000d8b00000, 0x0000000100000000)
  eden space 33280K, 0% used [0x00000000d5580000,0x00000000d5580000,0x00000000d7600000)
  from space 5120K, 0% used [0x00000000d7b00000,0x00000000d7b00000,0x00000000d8000000)
  to   space 5120K, 0% used [0x00000000d7600000,0x00000000d7600000,0x00000000d7b00000)
 ParOldGen       total 61952K, used 6126K [0x0000000080000000, 0x0000000083c80000, 0x00000000d5580000)
  object space 61952K, 9% used [0x0000000080000000,0x00000000805fbbe8,0x0000000083c80000)
 Metaspace       used 15617K, capacity 16072K, committed 16256K, reserved 1073152K
  class space    used 2162K, capacity 2309K, committed 2432K, reserved 1048576K
Event: 1.999 GC heap after
Heap after GC invocations=8 (full 3):
 PSYoungGen      total 38400K, used 0K [0x00000000d5580000, 0x00000000d8600000, 0x0000000100000000)
  eden space 33280K, 0% used [0x00000000d5580000,0x00000000d5580000,0x00000000d7600000)
  from space 5120K, 0% used [0x00000000d7600000,0x00000000d7600000,0x00000000d7b00000)
  to   space 7168K, 0% used [0x00000000d7f00000,0x00000000d7f00000,0x00000000d8600000)
 ParOldGen       total 61952K, used 6126K [0x0000000080000000, 0x0000000083c80000, 0x00000000d5580000)
  object space 61952K, 9% used [0x0000000080000000,0x00000000805fbbe8,0x0000000083c80000)
 Metaspace       used 15617K, capacity 16072K, committed 16256K, reserved 1073152K
  class space    used 2162K, capacity 2309K, committed 2432K, reserved 1048576K
}
Event: 1.999 GC heap before
{Heap before GC invocations=9 (full 4):
 PSYoungGen      total 38400K, used 0K [0x00000000d5580000, 0x00000000d8600000, 0x0000000100000000)
  eden space 33280K, 0% used [0x00000000d5580000,0x00000000d5580000,0x00000000d7600000)
  from space 5120K, 0% used [0x00000000d7600000,0x00000000d7600000,0x00000000d7b00000)
  to   space 7168K, 0% used [0x00000000d7f00000,0x00000000d7f00000,0x00000000d8600000)
 ParOldGen       total 61952K, used 6126K [0x0000000080000000, 0x0000000083c80000, 0x00000000d5580000)
  object space 61952K, 9% used [0x0000000080000000,0x00000000805fbbe8,0x0000000083c80000)
 Metaspace       used 15617K, capacity 16072K, committed 16256K, reserved 1073152K
  class space    used 2162K, capacity 2309K, committed 2432K, reserved 1048576K
Event: 2.045 GC heap after
Heap after GC invocations=9 (full 4):
 PSYoungGen      total 38400K, used 0K [0x00000000d5580000, 0x00000000d8600000, 0x0000000100000000)
  eden space 33280K, 0% used [0x00000000d5580000,0x00000000d5580000,0x00000000d7600000)
  from space 5120K, 0% used [0x00000000d7600000,0x00000000d7600000,0x00000000d7b00000)
  to   space 7168K, 0% used [0x00000000d7f00000,0x00000000d7f00000,0x00000000d8600000)
 ParOldGen       total 61952K, used 5534K [0x0000000080000000, 0x0000000083c80000, 0x00000000d5580000)
  object space 61952K, 8% used [0x0000000080000000,0x00000000805679d0,0x0000000083c80000)
 Metaspace       used 15511K, capacity 15902K, committed 16256K, reserved 1069056K
  class space    used 2143K, capacity 2276K, committed 2432K, reserved 1048576K
}

