# JRE version: Java(TM) SE Runtime Environment (8.0_121-b13) (build 1.8.0_121-b13)
# Java VM: Java HotSpot(TM) 64-Bit Server VM (25.121-b13 mixed mode windows-amd64 compressed oops)
Heap:
 PSYoungGen      total 71680K, used 19314K [0x00000000d5580000, 0x00000000dc380000, 0x0000000100000000)
  eden space 66560K, 21% used [0x00000000d5580000,0x00000000d6364998,0x00000000d9680000)
  from space 5120K, 99% used [0x00000000d9680000,0x00000000d9b78020,0x00000000d9b80000)
  to   space 10752K, 0% used [0x00000000db900000,0x00000000db900000,0x00000000dc380000)
 ParOldGen       total 57856K, used 12480K [0x0000000080000000, 0x0000000083880000, 0x00000000d5580000)
  object space 57856K, 21% used [0x0000000080000000,0x0000000080c30368,0x0000000083880000)
 Metaspace       used 28797K, capacity 29800K, committed 29952K, reserved 1075200K
  class space    used 3740K, capacity 3973K, committed 4096K, reserved 1048576K
GC Heap History (10 events):
Event: 2.328 GC heap before
{Heap before GC invocations=2 (full 0):
 PSYoungGen      total 38400K, used 38019K [0x00000000d5580000, 0x00000000d8000000, 0x0000000100000000)
  eden space 33280K, 100% used [0x00000000d5580000,0x00000000d7600000,0x00000000d7600000)
  from space 5120K, 92% used [0x00000000d7600000,0x00000000d7aa0d18,0x00000000d7b00000)
  to   space 5120K, 0% used [0x00000000d7b00000,0x00000000d7b00000,0x00000000d8000000)
 ParOldGen       total 87552K, used 16K [0x0000000080000000, 0x0000000085580000, 0x00000000d5580000)
  object space 87552K, 0% used [0x0000000080000000,0x0000000080004000,0x0000000085580000)
 Metaspace       used 15620K, capacity 16090K, committed 16384K, reserved 1062912K
  class space    used 2064K, capacity 2178K, committed 2304K, reserved 1048576K
Event: 2.342 GC heap after
Heap after GC invocations=2 (full 0):
 PSYoungGen      total 38400K, used 5095K [0x00000000d5580000, 0x00000000da080000, 0x0000000100000000)
  eden space 33280K, 0% used [0x00000000d5580000,0x00000000d5580000,0x00000000d7600000)
  from space 5120K, 99% used [0x00000000d7b00000,0x00000000d7ff9e98,0x00000000d8000000)
  to   space 5120K, 0% used [0x00000000d7600000,0x00000000d7600000,0x00000000d7b00000)
 ParOldGen       total 87552K, used 1424K [0x0000000080000000, 0x0000000085580000, 0x00000000d5580000)
  object space 87552K, 1% used [0x0000000080000000,0x0000000080164048,0x0000000085580000)
 Metaspace       used 15620K, capacity 16090K, committed 16384K, reserved 1062912K
  class space    used 2064K, capacity 2178K, committed 2304K, reserved 1048576K
}
Event: 2.642 GC heap before
{Heap before GC invocations=3 (full 0):
 PSYoungGen      total 38400K, used 37981K [0x00000000d5580000, 0x00000000da080000, 0x0000000100000000)
  eden space 33280K, 98% used [0x00000000d5580000,0x00000000d759d7f8,0x00000000d7600000)
  from space 5120K, 99% used [0x00000000d7b00000,0x00000000d7ff9e98,0x00000000d8000000)
  to   space 5120K, 0% used [0x00000000d7600000,0x00000000d7600000,0x00000000d7b00000)
 ParOldGen       total 87552K, used 1424K [0x0000000080000000, 0x0000000085580000, 0x00000000d5580000)
  object space 87552K, 1% used [0x0000000080000000,0x0000000080164048,0x0000000085580000)
 Metaspace       used 20633K, capacity 21156K, committed 21296K, reserved 1067008K
  class space    used 2700K, capacity 2849K, committed 2944K, reserved 1048576K
Event: 2.655 GC heap after
Heap after GC invocations=3 (full 0):
 PSYoungGen      total 38400K, used 5101K [0x00000000d5580000, 0x00000000da080000, 0x0000000100000000)
  eden space 33280K, 0% used [0x00000000d5580000,0x00000000d5580000,0x00000000d7600000)
  from space 5120K, 99% used [0x00000000d7600000,0x00000000d7afb4a8,0x00000000d7b00000)
  to   space 5120K, 0% used [0x00000000d9b80000,0x00000000d9b80000,0x00000000da080000)
 ParOldGen       total 87552K, used 5460K [0x0000000080000000, 0x0000000085580000, 0x00000000d5580000)
  object space 87552K, 6% used [0x0000000080000000,0x00000000805550e8,0x0000000085580000)
 Metaspace       used 20633K, capacity 21156K, committed 21296K, reserved 1067008K
  class space    used 2700K, capacity 2849K, committed 2944K, reserved 1048576K
}
Event: 2.655 GC heap before
{Heap before GC invocations=4 (full 1):
 PSYoungGen      total 38400K, used 5101K [0x00000000d5580000, 0x00000000da080000, 0x0000000100000000)
  eden space 33280K, 0% used [0x00000000d5580000,0x00000000d5580000,0x00000000d7600000)
  from space 5120K, 99% used [0x00000000d7600000,0x00000000d7afb4a8,0x00000000d7b00000)
  to   space 5120K, 0% used [0x00000000d9b80000,0x00000000d9b80000,0x00000000da080000)
 ParOldGen       total 87552K, used 5460K [0x0000000080000000, 0x0000000085580000, 0x00000000d5580000)
  object space 87552K, 6% used [0x0000000080000000,0x00000000805550e8,0x0000000085580000)
 Metaspace       used 20633K, capacity 21156K, committed 21296K, reserved 1067008K
  class space    used 2700K, capacity 2849K, committed 2944K, reserved 1048576K
Event: 2.691 GC heap after
Heap after GC invocations=4 (full 1):
 PSYoungGen      total 38400K, used 0K [0x00000000d5580000, 0x00000000da080000, 0x0000000100000000)
  eden space 33280K, 0% used [0x00000000d5580000,0x00000000d5580000,0x00000000d7600000)
  from space 5120K, 0% used [0x00000000d7600000,0x00000000d7600000,0x00000000d7b00000)
  to   space 5120K, 0% used [0x00000000d9b80000,0x00000000d9b80000,0x00000000da080000)
 ParOldGen       total 57856K, used 8907K [0x0000000080000000, 0x0000000083880000, 0x00000000d5580000)
  object space 57856K, 15% used [0x0000000080000000,0x00000000808b2fc0,0x0000000083880000)
 Metaspace       used 20633K, capacity 21156K, committed 21296K, reserved 1067008K
  class space    used 2700K, capacity 2849K, committed 2944K, reserved 1048576K
}
Event: 3.214 GC heap before
{Heap before GC invocations=5 (full 1):
 PSYoungGen      total 38400K, used 33280K [0x00000000d5580000, 0x00000000da080000, 0x0000000100000000)
  eden space 33280K, 100% used [0x00000000d5580000,0x00000000d7600000,0x00000000d7600000)
  from space 5120K, 0% used [0x00000000d7600000,0x00000000d7600000,0x00000000d7b00000)
  to   space 5120K, 0% used [0x00000000d9b80000,0x00000000d9b80000,0x00000000da080000)
 ParOldGen       total 57856K, used 8907K [0x0000000080000000, 0x0000000083880000, 0x00000000d5580000)
  object space 57856K, 15% used [0x0000000080000000,0x00000000808b2fc0,0x0000000083880000)
 Metaspace       used 25161K, capacity 25966K, committed 26112K, reserved 1071104K
  class space    used 3296K, capacity 3492K, committed 3584K, reserved 1048576K
Event: 3.224 GC heap after
Heap after GC invocations=5 (full 1):
 PSYoungGen      total 60416K, used 4880K [0x00000000d5580000, 0x00000000da080000, 0x0000000100000000)
  eden space 55296K, 0% used [0x00000000d5580000,0x00000000d5580000,0x00000000d8b80000)
  from space 5120K, 95% used [0x00000000d9b80000,0x00000000da044078,0x00000000da080000)
  to   space 5120K, 0% used [0x00000000d9680000,0x00000000d9680000,0x00000000d9b80000)
 ParOldGen       total 57856K, used 8979K [0x0000000080000000, 0x0000000083880000, 0x00000000d5580000)
  object space 57856K, 15% used [0x0000000080000000,0x00000000808c4fd0,0x0000000083880000)
 Metaspace       used 25161K, capacity 25966K, committed 26112K, reserved 1071104K
  class space    used 3296K, capacity 3492K, committed 3584K, reserved 1048576K
}
Event: 4.138 GC heap before
{Heap before GC invocations=6 (full 1):
 PSYoungGen      total 60416K, used 60176K [0x00000000d5580000, 0x00000000da080000, 0x0000000100000000)
  eden space 55296K, 100% used [0x00000000d5580000,0x00000000d8b80000,0x00000000d8b80000)
  from space 5120K, 95% used [0x00000000d9b80000,0x00000000da044078,0x00000000da080000)
  to   space 5120K, 0% used [0x00000000d9680000,0x00000000d9680000,0x00000000d9b80000)
 ParOldGen       total 57856K, used 8979K [0x0000000080000000, 0x0000000083880000, 0x00000000d5580000)
  object space 57856K, 15% used [0x0000000080000000,0x00000000808c4fd0,0x0000000083880000)
 Metaspace       used 27969K, capacity 28916K, committed 29184K, reserved 1075200K
  class space    used 3627K, capacity 3837K, committed 3840K, reserved 1048576K
Event: 4.158 GC heap after
Heap after GC invocations=6 (full 1):
 PSYoungGen      total 71680K, used 5088K [0x00000000d5580000, 0x00000000dc380000, 0x0000000100000000)
  eden space 66560K, 0% used [0x00000000d5580000,0x00000000d5580000,0x00000000d9680000)
  from space 5120K, 99% used [0x00000000d9680000,0x00000000d9b78020,0x00000000d9b80000)
  to   space 10752K, 0% used [0x00000000db900000,0x00000000db900000,0x00000000dc380000)
 ParOldGen       total 57856K, used 12480K [0x0000000080000000, 0x0000000083880000, 0x00000000d5580000)
  object space 57856K, 21% used [0x0000000080000000,0x0000000080c30368,0x0000000083880000)
 Metaspace       used 27969K, capacity 28916K, committed 29184K, reserved 1075200K
  class space    used 3627K, capacity 3837K, committed 3840K, reserved 1048576K
}

