# JRE version: Java(TM) SE Runtime Environment (8.0_121-b13) (build 1.8.0_121-b13)
# Java VM: Java HotSpot(TM) 64-Bit Server VM (25.121-b13 mixed mode windows-amd64 compressed oops)
Heap:
 PSYoungGen      total 248320K, used 169196K [0x00000000d5580000, 0x00000000e5980000, 0x0000000100000000)
  eden space 230912K, 73% used [0x00000000d5580000,0x00000000dfabb368,0x00000000e3700000)
  from space 17408K, 0% used [0x00000000e3780000,0x00000000e3780000,0x00000000e4880000)
  to   space 6656K, 0% used [0x00000000e5300000,0x00000000e5300000,0x00000000e5980000)
 ParOldGen       total 128000K, used 42616K [0x0000000080000000, 0x0000000087d00000, 0x00000000d5580000)
  object space 128000K, 33% used [0x0000000080000000,0x000000008299e218,0x0000000087d00000)
 Metaspace       used 63912K, capacity 67182K, committed 67288K, reserved 1107968K
  class space    used 9153K, capacity 9717K, committed 9728K, reserved 1048576K
GC Heap History (10 events):
Event: 8.409 GC heap before
{Heap before GC invocations=12 (full 2):
 PSYoungGen      total 190464K, used 172032K [0x00000000d5580000, 0x00000000e6480000, 0x0000000100000000)
  eden space 172032K, 100% used [0x00000000d5580000,0x00000000dfd80000,0x00000000dfd80000)
  from space 18432K, 0% used [0x00000000dfd80000,0x00000000dfd80000,0x00000000e0f80000)
  to   space 17920K, 0% used [0x00000000e5300000,0x00000000e5300000,0x00000000e6480000)
 ParOldGen       total 91648K, used 23161K [0x0000000080000000, 0x0000000085980000, 0x00000000d5580000)
  object space 91648K, 25% used [0x0000000080000000,0x000000008169e5f8,0x0000000085980000)
 Metaspace       used 35942K, capacity 37696K, committed 37848K, reserved 1081344K
  class space    used 4994K, capacity 5363K, committed 5376K, reserved 1048576K
Event: 8.422 GC heap after
Heap after GC invocations=12 (full 2):
 PSYoungGen      total 237568K, used 6334K [0x00000000d5580000, 0x00000000e5980000, 0x0000000100000000)
  eden space 230912K, 0% used [0x00000000d5580000,0x00000000d5580000,0x00000000e3700000)
  from space 6656K, 95% used [0x00000000e5300000,0x00000000e592fa10,0x00000000e5980000)
  to   space 17408K, 0% used [0x00000000e3780000,0x00000000e3780000,0x00000000e4880000)
 ParOldGen       total 91648K, used 23169K [0x0000000080000000, 0x0000000085980000, 0x00000000d5580000)
  object space 91648K, 25% used [0x0000000080000000,0x00000000816a05f8,0x0000000085980000)
 Metaspace       used 35942K, capacity 37696K, committed 37848K, reserved 1081344K
  class space    used 4994K, capacity 5363K, committed 5376K, reserved 1048576K
}
Event: 13.003 GC heap before
{Heap before GC invocations=13 (full 2):
 PSYoungGen      total 237568K, used 237246K [0x00000000d5580000, 0x00000000e5980000, 0x0000000100000000)
  eden space 230912K, 100% used [0x00000000d5580000,0x00000000e3700000,0x00000000e3700000)
  from space 6656K, 95% used [0x00000000e5300000,0x00000000e592fa10,0x00000000e5980000)
  to   space 17408K, 0% used [0x00000000e3780000,0x00000000e3780000,0x00000000e4880000)
 ParOldGen       total 91648K, used 23169K [0x0000000080000000, 0x0000000085980000, 0x00000000d5580000)
  object space 91648K, 25% used [0x0000000080000000,0x00000000816a05f8,0x0000000085980000)
 Metaspace       used 52951K, capacity 55538K, committed 55640K, reserved 1097728K
  class space    used 7538K, capacity 8016K, committed 8064K, reserved 1048576K
Event: 13.050 GC heap after
Heap after GC invocations=13 (full 2):
 PSYoungGen      total 248320K, used 17407K [0x00000000d5580000, 0x00000000e5980000, 0x0000000100000000)
  eden space 230912K, 0% used [0x00000000d5580000,0x00000000d5580000,0x00000000e3700000)
  from space 17408K, 99% used [0x00000000e3780000,0x00000000e487fce8,0x00000000e4880000)
  to   space 6656K, 0% used [0x00000000e5300000,0x00000000e5300000,0x00000000e5980000)
 ParOldGen       total 91648K, used 32560K [0x0000000080000000, 0x0000000085980000, 0x00000000d5580000)
  object space 91648K, 35% used [0x0000000080000000,0x0000000081fcc240,0x0000000085980000)
 Metaspace       used 52951K, capacity 55538K, committed 55640K, reserved 1097728K
  class space    used 7538K, capacity 8016K, committed 8064K, reserved 1048576K
}
Event: 14.743 GC heap before
{Heap before GC invocations=14 (full 2):
 PSYoungGen      total 248320K, used 248319K [0x00000000d5580000, 0x00000000e5980000, 0x0000000100000000)
  eden space 230912K, 100% used [0x00000000d5580000,0x00000000e3700000,0x00000000e3700000)
  from space 17408K, 99% used [0x00000000e3780000,0x00000000e487fce8,0x00000000e4880000)
  to   space 6656K, 0% used [0x00000000e5300000,0x00000000e5300000,0x00000000e5980000)
 ParOldGen       total 91648K, used 32560K [0x0000000080000000, 0x0000000085980000, 0x00000000d5580000)
  object space 91648K, 35% used [0x0000000080000000,0x0000000081fcc240,0x0000000085980000)
 Metaspace       used 55742K, capacity 58896K, committed 58968K, reserved 1099776K
  class space    used 7983K, capacity 8532K, committed 8576K, reserved 1048576K
Event: 14.776 GC heap after
Heap after GC invocations=14 (full 2):
 PSYoungGen      total 237568K, used 6624K [0x00000000d5580000, 0x00000000e5980000, 0x0000000100000000)
  eden space 230912K, 0% used [0x00000000d5580000,0x00000000d5580000,0x00000000e3700000)
  from space 6656K, 99% used [0x00000000e5300000,0x00000000e5978010,0x00000000e5980000)
  to   space 17408K, 0% used [0x00000000e3780000,0x00000000e3780000,0x00000000e4880000)
 ParOldGen       total 91648K, used 43849K [0x0000000080000000, 0x0000000085980000, 0x00000000d5580000)
  object space 91648K, 47% used [0x0000000080000000,0x0000000082ad2418,0x0000000085980000)
 Metaspace       used 55742K, capacity 58896K, committed 58968K, reserved 1099776K
  class space    used 7983K, capacity 8532K, committed 8576K, reserved 1048576K
}
Event: 14.886 GC heap before
{Heap before GC invocations=15 (full 2):
 PSYoungGen      total 237568K, used 30461K [0x00000000d5580000, 0x00000000e5980000, 0x0000000100000000)
  eden space 230912K, 10% used [0x00000000d5580000,0x00000000d6cc7748,0x00000000e3700000)
  from space 6656K, 99% used [0x00000000e5300000,0x00000000e5978010,0x00000000e5980000)
  to   space 17408K, 0% used [0x00000000e3780000,0x00000000e3780000,0x00000000e4880000)
 ParOldGen       total 91648K, used 43849K [0x0000000080000000, 0x0000000085980000, 0x00000000d5580000)
  object space 91648K, 47% used [0x0000000080000000,0x0000000082ad2418,0x0000000085980000)
 Metaspace       used 55818K, capacity 58934K, committed 58968K, reserved 1099776K
  class space    used 7997K, capacity 8565K, committed 8576K, reserved 1048576K
Event: 14.904 GC heap after
Heap after GC invocations=15 (full 2):
 PSYoungGen      total 248320K, used 768K [0x00000000d5580000, 0x00000000e5980000, 0x0000000100000000)
  eden space 230912K, 0% used [0x00000000d5580000,0x00000000d5580000,0x00000000e3700000)
  from space 17408K, 4% used [0x00000000e3780000,0x00000000e3840000,0x00000000e4880000)
  to   space 6656K, 0% used [0x00000000e5300000,0x00000000e5300000,0x00000000e5980000)
 ParOldGen       total 91648K, used 50469K [0x0000000080000000, 0x0000000085980000, 0x00000000d5580000)
  object space 91648K, 55% used [0x0000000080000000,0x0000000083149488,0x0000000085980000)
 Metaspace       used 55818K, capacity 58934K, committed 58968K, reserved 1099776K
  class space    used 7997K, capacity 8565K, committed 8576K, reserved 1048576K
}
Event: 14.904 GC heap before
{Heap before GC invocations=16 (full 3):
 PSYoungGen      total 248320K, used 768K [0x00000000d5580000, 0x00000000e5980000, 0x0000000100000000)
  eden space 230912K, 0% used [0x00000000d5580000,0x00000000d5580000,0x00000000e3700000)
  from space 17408K, 4% used [0x00000000e3780000,0x00000000e3840000,0x00000000e4880000)
  to   space 6656K, 0% used [0x00000000e5300000,0x00000000e5300000,0x00000000e5980000)
 ParOldGen       total 91648K, used 50469K [0x0000000080000000, 0x0000000085980000, 0x00000000d5580000)
  object space 91648K, 55% used [0x0000000080000000,0x0000000083149488,0x0000000085980000)
 Metaspace       used 55818K, capacity 58934K, committed 58968K, reserved 1099776K
  class space    used 7997K, capacity 8565K, committed 8576K, reserved 1048576K
Event: 15.191 GC heap after
Heap after GC invocations=16 (full 3):
 PSYoungGen      total 248320K, used 0K [0x00000000d5580000, 0x00000000e5980000, 0x0000000100000000)
  eden space 230912K, 0% used [0x00000000d5580000,0x00000000d5580000,0x00000000e3700000)
  from space 17408K, 0% used [0x00000000e3780000,0x00000000e3780000,0x00000000e4880000)
  to   space 6656K, 0% used [0x00000000e5300000,0x00000000e5300000,0x00000000e5980000)
 ParOldGen       total 128000K, used 42616K [0x0000000080000000, 0x0000000087d00000, 0x00000000d5580000)
  object space 128000K, 33% used [0x0000000080000000,0x000000008299e218,0x0000000087d00000)
 Metaspace       used 55818K, capacity 58934K, committed 58968K, reserved 1099776K
  class space    used 7997K, capacity 8565K, committed 8576K, reserved 1048576K
}

